e:\visualstudioprojects\wuziqi\wuziqi\x64\debug\vc143.pdb
e:\visualstudioprojects\wuziqi\wuziqi\x64\debug\vc143.idb
e:\visualstudioprojects\wuziqi\wuziqi\x64\debug\stone.obj
e:\visualstudioprojects\wuziqi\wuziqi\x64\debug\main.obj
e:\visualstudioprojects\wuziqi\wuziqi\x64\debug\startmenu.obj
e:\visualstudioprojects\wuziqi\wuziqi\x64\debug\transxy.obj
e:\visualstudioprojects\wuziqi\wuziqi\x64\debug\desk.obj
e:\visualstudioprojects\wuziqi\x64\debug\wuziqi.exe
e:\visualstudioprojects\wuziqi\x64\debug\wuziqi.pdb
e:\visualstudioprojects\wuziqi\wuziqi\x64\debug\wuziqi.ilk
e:\visualstudioprojects\wuziqi\wuziqi\x64\debug\printdesk.obj
e:\visualstudioprojects\wuziqi\wuziqi\x64\debug\whitechess.obj
e:\visualstudioprojects\wuziqi\wuziqi\x64\debug\wuziqi.tlog\cl.command.1.tlog
e:\visualstudioprojects\wuziqi\wuziqi\x64\debug\wuziqi.tlog\cl.items.tlog
e:\visualstudioprojects\wuziqi\wuziqi\x64\debug\wuziqi.tlog\cl.read.1.tlog
e:\visualstudioprojects\wuziqi\wuziqi\x64\debug\wuziqi.tlog\cl.write.1.tlog
e:\visualstudioprojects\wuziqi\wuziqi\x64\debug\wuziqi.tlog\link.command.1.tlog
e:\visualstudioprojects\wuziqi\wuziqi\x64\debug\wuziqi.tlog\link.read.1.tlog
e:\visualstudioprojects\wuziqi\wuziqi\x64\debug\wuziqi.tlog\link.secondary.1.tlog
e:\visualstudioprojects\wuziqi\wuziqi\x64\debug\wuziqi.tlog\link.write.1.tlog
